#-----------------------------------------------------------
# Vivado v2024.2.1 (64-bit)
# SW Build 5266912 on Sun Dec 15 09:03:24 MST 2024
# IP Build 5264866 on Sun Dec 15 16:27:47 MST 2024
# SharedData Build 5264680 on Wed Dec 11 12:48:36 MST 2024
# Start of session at: Fri Feb 21 10:40:14 2025
# Process ID         : 9828
# Current directory  : D:/VIVADO circuits/_2_to_1_MUX_using_buffer
# Command line       : vivado.exe -gui_launcher_event rodinguilauncherevent10692 D:\VIVADO circuits\_2_to_1_MUX_using_buffer\_2_to_1_MUX_using_buffer.xpr
# Log file           : D:/VIVADO circuits/_2_to_1_MUX_using_buffer/vivado.log
# Journal file       : D:/VIVADO circuits/_2_to_1_MUX_using_buffer\vivado.jou
# Running On         : Lenovo-ideapad-gaming-3
# Platform           : Windows Server 2016 or Windows 10
# Operating System   : 22631
# Processor Detail   : 11th Gen Intel(R) Core(TM) i5-11320H @ 3.20GHz
# CPU Frequency      : 3187 MHz
# CPU Physical cores : 4
# CPU Logical cores  : 8
# Host memory        : 8362 MB
# Swap memory        : 19327 MB
# Total Virtual      : 27690 MB
# Available Virtual  : 17681 MB
#-----------------------------------------------------------
start_gui
open_project {D:/VIVADO circuits/_2_to_1_MUX_using_buffer/_2_to_1_MUX_using_buffer.xpr}
INFO: [filemgmt 56-3] Default IP Output Path : Could not find the directory 'D:/VIVADO circuits/_2_to_1_MUX_using_buffer/_2_to_1_MUX_using_buffer.gen/sources_1'.
Scanning sources...
Finished scanning sources
INFO: [IP_Flow 19-234] Refreshing IP repositories
INFO: [IP_Flow 19-1704] No user IP repositories specified
INFO: [IP_Flow 19-2313] Loaded Vivado IP repository 'D:/Vivado/2024.2/data/ip'.
update_compile_order -fileset sources_1
exit
INFO: [Common 17-206] Exiting Vivado at Fri Feb 21 10:40:42 2025...
